Running with debug output on.
-- The C compiler identification is GNU 5.4.0
   Called from: [3]	/usr/share/cmake-3.5/Modules/CMakeDetermineCompilerId.cmake
                [2]	/usr/share/cmake-3.5/Modules/CMakeDetermineCCompiler.cmake
                [1]	/home/lionel/dev/qt/sfxr-qt/CMakeLists.txt
-- The CXX compiler identification is GNU 5.4.0
   Called from: [3]	/usr/share/cmake-3.5/Modules/CMakeDetermineCompilerId.cmake
                [2]	/usr/share/cmake-3.5/Modules/CMakeDetermineCXXCompiler.cmake
                [1]	/home/lionel/dev/qt/sfxr-qt/CMakeLists.txt
-- Check for working C compiler: /usr/bin/cc
   Called from: [3]	/usr/share/cmake-3.5/Modules/CMakeTestCompilerCommon.cmake
                [2]	/usr/share/cmake-3.5/Modules/CMakeTestCCompiler.cmake
                [1]	/home/lionel/dev/qt/sfxr-qt/CMakeLists.txt
-- Check for working C compiler: /usr/bin/cc -- works
   Called from: [3]	/usr/share/cmake-3.5/Modules/CMakeTestCompilerCommon.cmake
                [2]	/usr/share/cmake-3.5/Modules/CMakeTestCCompiler.cmake
                [1]	/home/lionel/dev/qt/sfxr-qt/CMakeLists.txt
-- Detecting C compiler ABI info
   Called from: [3]	/usr/share/cmake-3.5/Modules/CMakeDetermineCompilerABI.cmake
                [2]	/usr/share/cmake-3.5/Modules/CMakeTestCCompiler.cmake
                [1]	/home/lionel/dev/qt/sfxr-qt/CMakeLists.txt
-- Detecting C compiler ABI info - done
   Called from: [3]	/usr/share/cmake-3.5/Modules/CMakeDetermineCompilerABI.cmake
                [2]	/usr/share/cmake-3.5/Modules/CMakeTestCCompiler.cmake
                [1]	/home/lionel/dev/qt/sfxr-qt/CMakeLists.txt
-- Detecting C compile features
   Called from: [3]	/usr/share/cmake-3.5/Modules/CMakeDetermineCompileFeatures.cmake
                [2]	/usr/share/cmake-3.5/Modules/CMakeTestCCompiler.cmake
                [1]	/home/lionel/dev/qt/sfxr-qt/CMakeLists.txt
-- Detecting C compile features - done
   Called from: [3]	/usr/share/cmake-3.5/Modules/CMakeDetermineCompileFeatures.cmake
                [2]	/usr/share/cmake-3.5/Modules/CMakeTestCCompiler.cmake
                [1]	/home/lionel/dev/qt/sfxr-qt/CMakeLists.txt
-- Check for working CXX compiler: /usr/bin/c++
   Called from: [3]	/usr/share/cmake-3.5/Modules/CMakeTestCompilerCommon.cmake
                [2]	/usr/share/cmake-3.5/Modules/CMakeTestCXXCompiler.cmake
                [1]	/home/lionel/dev/qt/sfxr-qt/CMakeLists.txt
-- Check for working CXX compiler: /usr/bin/c++ -- works
   Called from: [3]	/usr/share/cmake-3.5/Modules/CMakeTestCompilerCommon.cmake
                [2]	/usr/share/cmake-3.5/Modules/CMakeTestCXXCompiler.cmake
                [1]	/home/lionel/dev/qt/sfxr-qt/CMakeLists.txt
-- Detecting CXX compiler ABI info
   Called from: [3]	/usr/share/cmake-3.5/Modules/CMakeDetermineCompilerABI.cmake
                [2]	/usr/share/cmake-3.5/Modules/CMakeTestCXXCompiler.cmake
                [1]	/home/lionel/dev/qt/sfxr-qt/CMakeLists.txt
-- Detecting CXX compiler ABI info - done
   Called from: [3]	/usr/share/cmake-3.5/Modules/CMakeDetermineCompilerABI.cmake
                [2]	/usr/share/cmake-3.5/Modules/CMakeTestCXXCompiler.cmake
                [1]	/home/lionel/dev/qt/sfxr-qt/CMakeLists.txt
-- Detecting CXX compile features
   Called from: [3]	/usr/share/cmake-3.5/Modules/CMakeDetermineCompileFeatures.cmake
                [2]	/usr/share/cmake-3.5/Modules/CMakeTestCXXCompiler.cmake
                [1]	/home/lionel/dev/qt/sfxr-qt/CMakeLists.txt
-- Detecting CXX compile features - done
   Called from: [3]	/usr/share/cmake-3.5/Modules/CMakeDetermineCompileFeatures.cmake
                [2]	/usr/share/cmake-3.5/Modules/CMakeTestCXXCompiler.cmake
                [1]	/home/lionel/dev/qt/sfxr-qt/CMakeLists.txt
-- Looking for pthread.h
   Called from: [4]	/usr/share/cmake-3.5/Modules/CheckIncludeFile.cmake
                [3]	/usr/share/cmake-3.5/Modules/FindThreads.cmake
                [2]	/usr/share/cmake-3.5/Modules/FindSDL.cmake
                [1]	/home/lionel/dev/qt/sfxr-qt/CMakeLists.txt
-- Looking for pthread.h - found
   Called from: [4]	/usr/share/cmake-3.5/Modules/CheckIncludeFile.cmake
                [3]	/usr/share/cmake-3.5/Modules/FindThreads.cmake
                [2]	/usr/share/cmake-3.5/Modules/FindSDL.cmake
                [1]	/home/lionel/dev/qt/sfxr-qt/CMakeLists.txt
-- Looking for pthread_create
   Called from: [5]	/usr/share/cmake-3.5/Modules/CheckSymbolExists.cmake
                [4]	/usr/share/cmake-3.5/Modules/CheckSymbolExists.cmake
                [3]	/usr/share/cmake-3.5/Modules/FindThreads.cmake
                [2]	/usr/share/cmake-3.5/Modules/FindSDL.cmake
                [1]	/home/lionel/dev/qt/sfxr-qt/CMakeLists.txt
-- Looking for pthread_create - not found
   Called from: [5]	/usr/share/cmake-3.5/Modules/CheckSymbolExists.cmake
                [4]	/usr/share/cmake-3.5/Modules/CheckSymbolExists.cmake
                [3]	/usr/share/cmake-3.5/Modules/FindThreads.cmake
                [2]	/usr/share/cmake-3.5/Modules/FindSDL.cmake
                [1]	/home/lionel/dev/qt/sfxr-qt/CMakeLists.txt
-- Looking for pthread_create in pthreads
   Called from: [5]	/usr/share/cmake-3.5/Modules/CheckLibraryExists.cmake
                [4]	/usr/share/cmake-3.5/Modules/FindThreads.cmake
                [3]	/usr/share/cmake-3.5/Modules/FindThreads.cmake
                [2]	/usr/share/cmake-3.5/Modules/FindSDL.cmake
                [1]	/home/lionel/dev/qt/sfxr-qt/CMakeLists.txt
-- Looking for pthread_create in pthreads - not found
   Called from: [5]	/usr/share/cmake-3.5/Modules/CheckLibraryExists.cmake
                [4]	/usr/share/cmake-3.5/Modules/FindThreads.cmake
                [3]	/usr/share/cmake-3.5/Modules/FindThreads.cmake
                [2]	/usr/share/cmake-3.5/Modules/FindSDL.cmake
                [1]	/home/lionel/dev/qt/sfxr-qt/CMakeLists.txt
-- Looking for pthread_create in pthread
   Called from: [5]	/usr/share/cmake-3.5/Modules/CheckLibraryExists.cmake
                [4]	/usr/share/cmake-3.5/Modules/FindThreads.cmake
                [3]	/usr/share/cmake-3.5/Modules/FindThreads.cmake
                [2]	/usr/share/cmake-3.5/Modules/FindSDL.cmake
                [1]	/home/lionel/dev/qt/sfxr-qt/CMakeLists.txt
-- Looking for pthread_create in pthread - found
   Called from: [5]	/usr/share/cmake-3.5/Modules/CheckLibraryExists.cmake
                [4]	/usr/share/cmake-3.5/Modules/FindThreads.cmake
                [3]	/usr/share/cmake-3.5/Modules/FindThreads.cmake
                [2]	/usr/share/cmake-3.5/Modules/FindSDL.cmake
                [1]	/home/lionel/dev/qt/sfxr-qt/CMakeLists.txt
-- Found Threads: TRUE  
   Called from: [5]	/usr/share/cmake-3.5/Modules/FindPackageMessage.cmake
                [4]	/usr/share/cmake-3.5/Modules/FindPackageHandleStandardArgs.cmake
                [3]	/usr/share/cmake-3.5/Modules/FindThreads.cmake
                [2]	/usr/share/cmake-3.5/Modules/FindSDL.cmake
                [1]	/home/lionel/dev/qt/sfxr-qt/CMakeLists.txt
-- Found SDL: /usr/lib/x86_64-linux-gnu/libSDLmain.a;/usr/lib/x86_64-linux-gnu/libSDL.so;-lpthread (found version "1.2.15") 
   Called from: [4]	/usr/share/cmake-3.5/Modules/FindPackageMessage.cmake
                [3]	/usr/share/cmake-3.5/Modules/FindPackageHandleStandardArgs.cmake
                [2]	/usr/share/cmake-3.5/Modules/FindSDL.cmake
                [1]	/home/lionel/dev/qt/sfxr-qt/CMakeLists.txt
-- Using bundled qpropgen from python3;/home/lionel/dev/qt/sfxr-qt/qpropgen/cmake/../qpropgen/fromsrc.py
   Called from: [2]	/home/lionel/dev/qt/sfxr-qt/qpropgen/cmake/qpropgen.cmake
                [1]	/home/lionel/dev/qt/sfxr-qt/CMakeLists.txt
-- Configuring done
-- Generating /home/lionel/dev/qt/sfxr-qt/build
   Called from: [1]	/home/lionel/dev/qt/sfxr-qt/CMakeLists.txt
-- Generating done
-- Build files have been written to: /home/lionel/dev/qt/sfxr-qt/build
Scanning dependencies of target sfxr-qt_automoc
[  4%] Automatic moc for target sfxr-qt
Generating moc_generator.cpp
Generating moc_sound.cpp
Generating moc_soundlistmodel.cpp
Generating moc_soundplayer.cpp
Generating moc_wavsaver.cpp
[  4%] Built target sfxr-qt_automoc
[  8%] Generating core/basesound.h, core/basesound.cpp
[ 12%] Generating qrc_qml.cpp
[ 16%] Generating core/basesoundlistmodel.h, core/basesoundlistmodel.cpp
[ 20%] Generating core/basewavsaver.h, core/basewavsaver.cpp
[ 24%] Generating core/moc_basesoundlistmodel.cpp
[ 28%] Generating core/moc_basewavsaver.cpp
[ 32%] Generating core/moc_basesound.cpp
Scanning dependencies of target sfxr-qt
[ 36%] Building CXX object CMakeFiles/sfxr-qt.dir/ui/main.cpp.o
[ 40%] Building CXX object CMakeFiles/sfxr-qt.dir/core/synthesizer.cpp.o
[ 44%] Building CXX object CMakeFiles/sfxr-qt.dir/core/moc_basesound.cpp.o
[ 48%] Building CXX object CMakeFiles/sfxr-qt.dir/core/generator.cpp.o
[ 52%] Building CXX object CMakeFiles/sfxr-qt.dir/core/basesound.cpp.o
[ 56%] Building CXX object CMakeFiles/sfxr-qt.dir/core/noisegenerator.cpp.o
[ 60%] Building CXX object CMakeFiles/sfxr-qt.dir/core/basesoundlistmodel.cpp.o
[ 64%] Building CXX object CMakeFiles/sfxr-qt.dir/core/soundplayer.cpp.o
[ 68%] Building CXX object CMakeFiles/sfxr-qt.dir/core/wavsaver.cpp.o
[ 72%] Building CXX object CMakeFiles/sfxr-qt.dir/core/soundlistmodel.cpp.o
[ 76%] Building CXX object CMakeFiles/sfxr-qt.dir/core/sound.cpp.o
[ 80%] Building CXX object CMakeFiles/sfxr-qt.dir/core/moc_basesoundlistmodel.cpp.o
[ 84%] Building CXX object CMakeFiles/sfxr-qt.dir/qrc_qml.cpp.o
[ 88%] Building CXX object CMakeFiles/sfxr-qt.dir/core/basewavsaver.cpp.o
[ 92%] Building CXX object CMakeFiles/sfxr-qt.dir/core/moc_basewavsaver.cpp.o
[ 96%] Building CXX object CMakeFiles/sfxr-qt.dir/sfxr-qt_automoc.cpp.o
[94mChecking dependencies[0m
[94mDependencies already setup[0m
[94mUsing docker container "clickable/ubuntu-sdk:16.04-amd64-b48d069c-4830-42aa-8a44-7306343f782d"[0m
